<?xml version="1.0" encoding="UTF-8"?>
<testsuite xmlns:xsi="http://www.w3.org/2001/XMLSchema-instance" xsi:schemaLocation="https://maven.apache.org/surefire/maven-surefire-plugin/xsd/surefire-test-report.xsd" name="controlador.CuentaBaterTest" time="0.235" tests="2" errors="0" skipped="0" failures="0">
  <properties>
[...]
</properties>
  <testcase name="TestInsertar{String, String, String, String, String}[1]" classname="controlador.CuentaBaterTest" time="0.185"/>
  <testcase name="TestInsertar{String, String, String, String, String}[2]" classname="controlador.CuentaBaterTest" time="0.007"/>
</testsuite>